[START] 複数ホール対応スクレイピング開始
================================================================================

[OK] 9個のホール設定を読み込みました
[DATE] 対象期間: 20260406 ～ 20260418
[HALL] ホール数: 9
================================================================================


================================================================================
📍 [1/9] 金時京急蒲田店 の処理開始
================================================================================
🌐 URL: https://ana-slo.com/%E3%83%9B%E3%83%BC%E3%83%AB%E3%83%87%E3%83%BC%E3%82%BF/%E6%9D%B1%E4%BA%AC%E9%83%BD/%E9%87%91%E6%99%82%E4%BA%AC%E6%80%A5%E8%92%B2%E7%94%B0%E5%BA%97-%E3%83%87%E3%83%BC%E3%82%BF%E4%B8%80%E8%A6%A7/
📋 台位置CSV: なし


[ERROR] 金時京急蒲田店: エラーが発生しました
   エラー内容: could not find a valid chrome browser binary. please make sure chrome is installed.or use the keyword argument 'browser_executable_path=/path/to/your/browser' 

⏭️ 次のホール処理に進みます...

================================================================================
📍 [2/9] 楽園蒲田店 の処理開始
================================================================================
🌐 URL: https://ana-slo.com/%E3%83%9B%E3%83%BC%E3%83%AB%E3%83%87%E3%83%BC%E3%82%BF/%E6%9D%B1%E4%BA%AC%E9%83%BD/%E6%A5%BD%E5%9C%92%E8%92%B2%E7%94%B0%E5%BA%97-%E3%83%87%E3%83%BC%E3%82%BF%E4%B8%80%E8%A6%A7/
📋 台位置CSV: なし

📄 次のホールへ遷移中...

[ERROR] 楽園蒲田店: エラーが発生しました
   エラー内容: 'NoneType' object has no attribute 'get'

⏭️ 次のホール処理に進みます...

================================================================================
📍 [3/9] レイトギャップ平和島 の処理開始
================================================================================
🌐 URL: https://ana-slo.com/%E3%83%9B%E3%83%BC%E3%83%AB%E3%83%87%E3%83%BC%E3%82%BF/%E6%9D%B1%E4%BA%AC%E9%83%BD/%E3%83%AC%E3%82%A4%E3%83%88%E3%82%AE%E3%83%A3%E3%83%83%E3%83%97%E5%B9%B3%E5%92%8C%E5%B3%B6-%E3%83%87%E3%83%BC%E3%82%BF%E4%B8%80%E8%A6%A7/
📋 台位置CSV: なし

📄 次のホールへ遷移中...

[ERROR] レイトギャップ平和島: エラーが発生しました
   エラー内容: 'NoneType' object has no attribute 'get'

⏭️ 次のホール処理に進みます...

================================================================================
📍 [4/9] arrow池上店 の処理開始
================================================================================
🌐 URL: https://ana-slo.com/%E3%83%9B%E3%83%BC%E3%83%AB%E3%83%87%E3%83%BC%E3%82%BF/%E6%9D%B1%E4%BA%AC%E9%83%BD/arrow%E6%B1%A0%E4%B8%8A%E5%BA%97-%E3%83%87%E3%83%BC%E3%82%BF%E4%B8%80%E8%A6%A7/
📋 台位置CSV: なし

📄 次のホールへ遷移中...

[ERROR] arrow池上店: エラーが発生しました
   エラー内容: 'NoneType' object has no attribute 'get'

⏭️ 次のホール処理に進みます...

================================================================================
📍 [5/9] ヒロキ東口店 の処理開始
================================================================================
🌐 URL: https://ana-slo.com/%E3%83%9B%E3%83%BC%E3%83%AB%E3%83%87%E3%83%BC%E3%82%BF/%E6%9D%B1%E4%BA%AC%E9%83%BD/%E3%83%92%E3%83%AD%E3%82%AD%E6%9D%B1%E5%8F%A3%E5%BA%97-%E3%83%87%E3%83%BC%E3%82%BF%E4%B8%80%E8%A6%A7/
📋 台位置CSV: なし

📄 次のホールへ遷移中...

[ERROR] ヒロキ東口店: エラーが発生しました
   エラー内容: 'NoneType' object has no attribute 'get'

⏭️ 次のホール処理に進みます...

================================================================================
📍 [6/9] ザ-シティ-ベルシティ雑色店 の処理開始
================================================================================
🌐 URL: https://ana-slo.com/%E3%83%9B%E3%83%BC%E3%83%AB%E3%83%87%E3%83%BC%E3%82%BF/%E6%9D%B1%E4%BA%AC%E9%83%BD/%E3%82%B6-%E3%82%B7%E3%83%86%E3%82%A3-%E3%83%99%E3%83%AB%E3%82%B7%E3%83%86%E3%82%A3%E9%9B%91%E8%89%B2%E5%BA%97-%E3%83%87%E3%83%BC%E3%82%BF%E4%B8%80%E8%A6%A7/
📋 台位置CSV: なし

📄 次のホールへ遷移中...

[ERROR] ザ-シティ-ベルシティ雑色店: エラーが発生しました
   エラー内容: 'NoneType' object has no attribute 'get'

⏭️ 次のホール処理に進みます...

================================================================================
📍 [7/9] マルハンメガシティ2000-蒲田1 の処理開始
================================================================================
🌐 URL: https://ana-slo.com/%E3%83%9B%E3%83%BC%E3%83%AB%E3%83%87%E3%83%BC%E3%82%BF/%E6%9D%B1%E4%BA%AC%E9%83%BD/%E3%83%9E%E3%83%AB%E3%83%8F%E3%83%B3%E3%83%A1%E3%82%AC%E3%82%B7%E3%83%86%E3%82%A32000-%E8%92%B2%E7%94%B01-%E3%83%87%E3%83%BC%E3%82%BF%E4%B8%80%E8%A6%A7/
📋 台位置CSV: なし

📄 次のホールへ遷移中...

[ERROR] マルハンメガシティ2000-蒲田1: エラーが発生しました
   エラー内容: 'NoneType' object has no attribute 'get'

⏭️ 次のホール処理に進みます...

================================================================================
📍 [8/9] みとや大森町店 の処理開始
================================================================================
🌐 URL: https://ana-slo.com/%E3%83%9B%E3%83%BC%E3%83%AB%E3%83%87%E3%83%BC%E3%82%BF/%E6%9D%B1%E4%BA%AC%E9%83%BD/%E3%81%BF%E3%81%A8%E3%82%84%E5%A4%A7%E6%A3%AE%E7%94%BA%E5%BA%97-%E3%83%87%E3%83%BC%E3%82%BF%E4%B8%80%E8%A6%A7/
📋 台位置CSV: なし

📄 次のホールへ遷移中...

[ERROR] みとや大森町店: エラーが発生しました
   エラー内容: 'NoneType' object has no attribute 'get'

⏭️ 次のホール処理に進みます...

================================================================================
📍 [9/9] マルハンメガシティ2000-蒲田7 の処理開始
================================================================================
🌐 URL: https://ana-slo.com/%E3%83%9B%E3%83%BC%E3%83%AB%E3%83%87%E3%83%BC%E3%82%BF/%E6%9D%B1%E4%BA%AC%E9%83%BD/%E3%83%9E%E3%83%AB%E3%83%8F%E3%83%B3%E3%83%A1%E3%82%AC%E3%82%B7%E3%83%86%E3%82%A32000-%E8%92%B2%E7%94%B07-%E3%83%87%E3%83%BC%E3%82%BF%E4%B8%80%E8%A6%A7/
📋 台位置CSV: なし

📄 次のホールへ遷移中...

[ERROR] マルハンメガシティ2000-蒲田7: エラーが発生しました
   エラー内容: 'NoneType' object has no attribute 'get'

⏭️ 次のホール処理に進みます...

================================================================================
[REPORT] 全ホール処理完了 - 最終結果
================================================================================

🎯 全体統計:
   [OK] 総成功件数: 0件
   [ERROR] 総失敗件数: 0件
   📈 全体成功率: 0.0% (0/0)

[HALL] ホール別処理結果:

   [ERROR] エラー
      ホール名: 金時京急蒲田店
      エラー: could not find a valid chrome browser binary. please make sure chrome is installed.or use the keyword argument 'browser_executable_path=/path/to/your/browser' 
      台位置CSV: [ERROR]

   [ERROR] エラー
      ホール名: 楽園蒲田店
      エラー: 'NoneType' object has no attribute 'get'
      台位置CSV: [ERROR]

   [ERROR] エラー
      ホール名: レイトギャップ平和島
      エラー: 'NoneType' object has no attribute 'get'
      台位置CSV: [ERROR]

   [ERROR] エラー
      ホール名: arrow池上店
      エラー: 'NoneType' object has no attribute 'get'
      台位置CSV: [ERROR]

   [ERROR] エラー
      ホール名: ヒロキ東口店
      エラー: 'NoneType' object has no attribute 'get'
      台位置CSV: [ERROR]

   [ERROR] エラー
      ホール名: ザ-シティ-ベルシティ雑色店
      エラー: 'NoneType' object has no attribute 'get'
      台位置CSV: [ERROR]

   [ERROR] エラー
      ホール名: マルハンメガシティ2000-蒲田1
      エラー: 'NoneType' object has no attribute 'get'
      台位置CSV: [ERROR]

   [ERROR] エラー
      ホール名: みとや大森町店
      エラー: 'NoneType' object has no attribute 'get'
      台位置CSV: [ERROR]

   [ERROR] エラー
      ホール名: マルハンメガシティ2000-蒲田7
      エラー: 'NoneType' object has no attribute 'get'
      台位置CSV: [ERROR]

📋 処理統計:
   正常完了ホール: 0/9
   エラーホール: 9/9

[WARN] エラーが発生したホール:
      - 金時京急蒲田店
      - 楽園蒲田店
      - レイトギャップ平和島
      - arrow池上店
      - ヒロキ東口店
      - ザ-シティ-ベルシティ雑色店
      - マルハンメガシティ2000-蒲田1
      - みとや大森町店
      - マルハンメガシティ2000-蒲田7

💾 データ保存先:
   📁 JSONファイル: data/[ホール名]/[日付]_[ホール名]_data.json
   📄 失敗日レポート: data/failed_dates_report.csv
   🗄️ データベース: pachinko_data.db

⏰ 完了時刻: 2026-04-19 22:59:34
================================================================================

[OK] 失敗日がありません（全て成功）

💾 ログファイル保存: /sessions/modest-gifted-dirac/mnt/2026project/data/scraping_log.txt
